[0.023s] Invoking command in '/home/wudad10/Fold1/ros2/6_tf/build/cpp_tf': CMAKE_PREFIX_PATH=${CMAKE_PREFIX_PATH}:/home/wudad10/Fold1/chapter9/fishbot_ws/install/ros_serial2wifi:/home/wudad10/Fold1/chapter9/install/ros_serial2wifi:/opt/ros/humble /usr/bin/cmake /home/wudad10/Fold1/ros2/6_tf/src/cpp_tf -DCMAKE_INSTALL_PREFIX=/home/wudad10/Fold1/ros2/6_tf/install/cpp_tf
[0.043s] -- Found ament_cmake: 1.3.12 (/opt/ros/humble/share/ament_cmake/cmake)
[0.194s] -- Found ament_lint_auto: 0.12.14 (/opt/ros/humble/share/ament_lint_auto/cmake)
[0.264s] -- Found rclcpp: 16.0.15 (/opt/ros/humble/share/rclcpp/cmake)
[0.291s] -- Found rosidl_generator_c: 3.1.7 (/opt/ros/humble/share/rosidl_generator_c/cmake)
[0.294s] -- Found rosidl_adapter: 3.1.7 (/opt/ros/humble/share/rosidl_adapter/cmake)
[0.299s] -- Found rosidl_generator_cpp: 3.1.7 (/opt/ros/humble/share/rosidl_generator_cpp/cmake)
[0.309s] -- Using all available rosidl_typesupport_c: rosidl_typesupport_fastrtps_c;rosidl_typesupport_introspection_c
[0.320s] -- Using all available rosidl_typesupport_cpp: rosidl_typesupport_fastrtps_cpp;rosidl_typesupport_introspection_cpp
[0.352s] -- Found rmw_implementation_cmake: 6.1.2 (/opt/ros/humble/share/rmw_implementation_cmake/cmake)
[0.355s] -- Found rmw_fastrtps_cpp: 6.2.9 (/opt/ros/humble/share/rmw_fastrtps_cpp/cmake)
[0.481s] -- Using RMW implementation 'rmw_fastrtps_cpp' as default
[0.533s] -- Found tf2: 0.25.16 (/opt/ros/humble/share/tf2/cmake)
[0.549s] -- Found tf2_ros: 0.25.16 (/opt/ros/humble/share/tf2_ros/cmake)
[0.633s] -- Added test 'cppcheck' to perform static code analysis on C / C++ code
[0.633s] -- Configured cppcheck include dirs: 
[0.633s] -- Configured cppcheck exclude dirs and/or files: 
[0.635s] -- Added test 'flake8' to check Python code syntax and style conventions
[0.635s] -- Added test 'lint_cmake' to check CMake code style
[0.636s] -- Added test 'pep257' to check Python code against some of the docstring style conventions in PEP 257
[0.639s] -- Added test 'uncrustify' to check C / C++ code style
[0.639s] -- Configured uncrustify additional arguments: 
[0.639s] -- Added test 'xmllint' to check XML markup files
[0.639s] -- Configuring done
[0.661s] -- Generating done
[0.668s] -- Build files have been written to: /home/wudad10/Fold1/ros2/6_tf/build/cpp_tf
[0.679s] Invoked command in '/home/wudad10/Fold1/ros2/6_tf/build/cpp_tf' returned '0': CMAKE_PREFIX_PATH=${CMAKE_PREFIX_PATH}:/home/wudad10/Fold1/chapter9/fishbot_ws/install/ros_serial2wifi:/home/wudad10/Fold1/chapter9/install/ros_serial2wifi:/opt/ros/humble /usr/bin/cmake /home/wudad10/Fold1/ros2/6_tf/src/cpp_tf -DCMAKE_INSTALL_PREFIX=/home/wudad10/Fold1/ros2/6_tf/install/cpp_tf
[0.683s] Invoking command in '/home/wudad10/Fold1/ros2/6_tf/build/cpp_tf': CMAKE_PREFIX_PATH=${CMAKE_PREFIX_PATH}:/home/wudad10/Fold1/chapter9/fishbot_ws/install/ros_serial2wifi:/home/wudad10/Fold1/chapter9/install/ros_serial2wifi:/opt/ros/humble /usr/bin/cmake --build /home/wudad10/Fold1/ros2/6_tf/build/cpp_tf -- -j4 -l4
[0.769s] [ 25%] [32mBuilding CXX object CMakeFiles/cpp_tf_listener.dir/src/cpp_tf_listener.cpp.o[0m
[0.770s] [ 50%] [32mBuilding CXX object CMakeFiles/cpp_tf_broadcaster.dir/src/cpp_tf_pub.cpp.o[0m
[7.238s] [01m[K/home/wudad10/Fold1/ros2/6_tf/src/cpp_tf/src/cpp_tf_listener.cpp:[m[K In constructor ‚Äò[01m[KTfListener::TfListener()[m[K‚Äô:
[7.248s] [01m[K/home/wudad10/Fold1/ros2/6_tf/src/cpp_tf/src/cpp_tf_listener.cpp:12:7:[m[K [01;31m[Kerror: [m[Kunable to find numeric literal operator ‚Äò[01m[Koperator""s[m[K‚Äô
[7.248s]    12 |       [01;31m[K1s[m[K, std::bind(&TfListener::lookup, this));
[7.248s]       |       [01;31m[K^~[m[K
[122.796s] gmake[2]: *** [CMakeFiles/cpp_tf_listener.dir/build.make:76ÔºöCMakeFiles/cpp_tf_listener.dir/src/cpp_tf_listener.cpp.o] ÈîôËØØ 1
[122.799s] gmake[1]: *** [CMakeFiles/Makefile2:165ÔºöCMakeFiles/cpp_tf_listener.dir/all] ÈîôËØØ 2
[122.800s] gmake[1]: *** Ê≠£Âú®Á≠âÂæÖÊú™ÂÆåÊàêÁöÑ‰ªªÂä°....
[124.889s] [ 75%] [32m[1mLinking CXX executable cpp_tf_broadcaster[0m
[125.370s] [ 75%] Built target cpp_tf_broadcaster
[125.373s] gmake: *** [Makefile:146Ôºöall] ÈîôËØØ 2
[125.383s] Invoked command in '/home/wudad10/Fold1/ros2/6_tf/build/cpp_tf' returned '2': CMAKE_PREFIX_PATH=${CMAKE_PREFIX_PATH}:/home/wudad10/Fold1/chapter9/fishbot_ws/install/ros_serial2wifi:/home/wudad10/Fold1/chapter9/install/ros_serial2wifi:/opt/ros/humble /usr/bin/cmake --build /home/wudad10/Fold1/ros2/6_tf/build/cpp_tf -- -j4 -l4
